<?xml version="1.0" encoding="UTF-8"?>
<testsuite xmlns:xsi="http://www.w3.org/2001/XMLSchema-instance" xsi:noNamespaceSchemaLocation="https://maven.apache.org/surefire/maven-surefire-plugin/xsd/surefire-test-report.xsd" name="com.bharath.student.dal.StudentdalApplicationTests" time="6.88" tests="3" errors="0" skipped="0" failures="0">
  <properties>
[...]
</properties>
  <testcase name="testCreateStudent" classname="com.bharath.student.dal.StudentdalApplicationTests" time="0.308"/>
  <testcase name="testUpdateStudent" classname="com.bharath.student.dal.StudentdalApplicationTests" time="0.056"/>
  <testcase name="testFindStudentById" classname="com.bharath.student.dal.StudentdalApplicationTests" time="0.037"/>
</testsuite>